<?xml version="1.0" encoding="UTF-8"?>
<testsuite name="Cucumber" time="0.964" tests="1" skipped="0" failures="0" errors="0">
<testcase classname="Post Message" name="POST MESSAGE" time="0.905">
<system-out><![CDATA[
Given user goes to the site "https://api.practicesoftwaretesting.com/"......passed
Given Creates a message.....................................................passed
Then The message is verified................................................passed
]]></system-out>
</testcase>
</testsuite>
